<?xml version="1.0" encoding="UTF-8"?>
<testng-results skipped="0" failed="0" ignored="0" total="1" passed="1">
  <reporter-output>
  </reporter-output>
  <suite name="Default suite" duration-ms="322" started-at="2019-12-13T14:44:42 IST" finished-at="2019-12-13T14:44:42 IST">
    <groups>
      <group name="cucumber">
        <method signature="AbstractTestNGCucumberTests.runScenario(io.cucumber.testng.PickleEventWrapper, io.cucumber.testng.CucumberFeatureWrapper)[pri:0, instance:runners.PunkApiRunner@528931cf]" name="runScenario" class="io.cucumber.testng.AbstractTestNGCucumberTests"/>
      </group> <!-- cucumber -->
    </groups>
    <test name="Default test" duration-ms="322" started-at="2019-12-13T14:44:42 IST" finished-at="2019-12-13T14:44:42 IST">
      <class name="runners.PunkApiRunner">
        <test-method status="PASS" signature="setUpClass()[pri:0, instance:runners.PunkApiRunner@528931cf]" name="setUpClass" is-config="true" duration-ms="101" started-at="2019-12-13T14:44:42 IST" finished-at="2019-12-13T14:44:42 IST">
          <reporter-output>
          </reporter-output>
        </test-method> <!-- setUpClass -->
        <test-method status="PASS" signature="runScenario(io.cucumber.testng.PickleEventWrapper, io.cucumber.testng.CucumberFeatureWrapper)[pri:0, instance:runners.PunkApiRunner@528931cf]" name="runScenario" duration-ms="127" started-at="2019-12-13T14:44:42 IST" description="Runs Cucumber Scenarios" data-provider="scenarios" finished-at="2019-12-13T14:44:42 IST">
          <params>
            <param index="0">
              <value>
                <![CDATA["Able to Access Punk API"]]>
              </value>
            </param>
            <param index="1">
              <value>
                <![CDATA["Smoke Tests to test Punk API"]]>
              </value>
            </param>
          </params>
          <reporter-output>
          </reporter-output>
        </test-method> <!-- runScenario -->
        <test-method status="PASS" signature="tearDownClass()[pri:0, instance:runners.PunkApiRunner@528931cf]" name="tearDownClass" is-config="true" duration-ms="46" started-at="2019-12-13T14:44:42 IST" finished-at="2019-12-13T14:44:42 IST">
          <reporter-output>
          </reporter-output>
        </test-method> <!-- tearDownClass -->
      </class> <!-- runners.PunkApiRunner -->
    </test> <!-- Default test -->
  </suite> <!-- Default suite -->
</testng-results>
